<?xml version="1.0" encoding="UTF-8"?>
<testsuite name="TutorialNinja"
           tests="3"
           failures="0"
           errors="0"
           skipped="0"
           time="3.154">
  <properties />
  
  
            <testcase name="verifyUserShouldNavigateToLaptopsAndNotebooksPageSuccessfully" time="0.961" classname="com.tutorialsninja.demo.testsuite.TopMenuTest" />
                <testcase name="verifyUserShouldNavigateToComponentsPageSuccessfully" time="0.943" classname="com.tutorialsninja.demo.testsuite.TopMenuTest" />
                <testcase name="verifyUserShouldNavigateToDesktopsPageSuccessfully" time="1.250" classname="com.tutorialsninja.demo.testsuite.TopMenuTest" />
      
</testsuite>
