<?xml version="1.0" encoding="UTF-8"?>
<testng-results ignored="0" total="4" passed="4" failed="0" skipped="0">
  <reporter-output>
    <line>
      <![CDATA[Select sortBy option[[ChromeDriver: chrome on windows (27ead883643f3b8621528a680b1cb9b9)] -> id: input-sort]]]>
    </line>
    <line>
      <![CDATA[Get elements sorted in reverse order[[ChromeDriver: chrome on windows (27ead883643f3b8621528a680b1cb9b9)] -> id: input-sort]]]>
    </line>
  </reporter-output>
  <suite started-at="2023-12-12T10:38:50 GMT" name="sanity" finished-at="2023-12-12T10:39:17 GMT" duration-ms="27015">
    <groups>
      <group name="regression">
        <method signature="DeskTopsTest.verifyProductArrangeInAlphabeticalOrder()[pri:0, instance:com.tutorialsninja.demo.testsuite.DeskTopsTest@49438269]" name="verifyProductArrangeInAlphabeticalOrder" class="com.tutorialsninja.demo.testsuite.DeskTopsTest"/>
        <method signature="LaptopsdAndNotebooksTest.verifyProductsPriceDisplayHighToLowSuccessfully()[pri:0, instance:com.tutorialsninja.demo.testsuite.LaptopsdAndNotebooksTest@ba2f4ec]" name="verifyProductsPriceDisplayHighToLowSuccessfully" class="com.tutorialsninja.demo.testsuite.LaptopsdAndNotebooksTest"/>
        <method signature="MyAccountTest.verifyUserShouldNavigateToRegisterPageSuccessfully()[pri:0, instance:com.tutorialsninja.demo.testsuite.MyAccountTest@1c1bbc4e]" name="verifyUserShouldNavigateToRegisterPageSuccessfully" class="com.tutorialsninja.demo.testsuite.MyAccountTest"/>
        <method signature="TopMenuTest.verifyUserShouldNavigateToDesktopsPageSuccessfully()[pri:0, instance:com.tutorialsninja.demo.testsuite.TopMenuTest@4c402120]" name="verifyUserShouldNavigateToDesktopsPageSuccessfully" class="com.tutorialsninja.demo.testsuite.TopMenuTest"/>
      </group> <!-- regression -->
      <group name="smoke">
        <method signature="DeskTopsTest.verifyProductArrangeInAlphabeticalOrder()[pri:0, instance:com.tutorialsninja.demo.testsuite.DeskTopsTest@49438269]" name="verifyProductArrangeInAlphabeticalOrder" class="com.tutorialsninja.demo.testsuite.DeskTopsTest"/>
        <method signature="LaptopsdAndNotebooksTest.verifyProductsPriceDisplayHighToLowSuccessfully()[pri:0, instance:com.tutorialsninja.demo.testsuite.LaptopsdAndNotebooksTest@ba2f4ec]" name="verifyProductsPriceDisplayHighToLowSuccessfully" class="com.tutorialsninja.demo.testsuite.LaptopsdAndNotebooksTest"/>
        <method signature="MyAccountTest.verifyUserShouldNavigateToRegisterPageSuccessfully()[pri:0, instance:com.tutorialsninja.demo.testsuite.MyAccountTest@1c1bbc4e]" name="verifyUserShouldNavigateToRegisterPageSuccessfully" class="com.tutorialsninja.demo.testsuite.MyAccountTest"/>
        <method signature="TopMenuTest.verifyUserShouldNavigateToDesktopsPageSuccessfully()[pri:0, instance:com.tutorialsninja.demo.testsuite.TopMenuTest@4c402120]" name="verifyUserShouldNavigateToDesktopsPageSuccessfully" class="com.tutorialsninja.demo.testsuite.TopMenuTest"/>
      </group> <!-- smoke -->
      <group name="sanity">
        <method signature="DeskTopsTest.verifyProductArrangeInAlphabeticalOrder()[pri:0, instance:com.tutorialsninja.demo.testsuite.DeskTopsTest@49438269]" name="verifyProductArrangeInAlphabeticalOrder" class="com.tutorialsninja.demo.testsuite.DeskTopsTest"/>
        <method signature="LaptopsdAndNotebooksTest.verifyProductsPriceDisplayHighToLowSuccessfully()[pri:0, instance:com.tutorialsninja.demo.testsuite.LaptopsdAndNotebooksTest@ba2f4ec]" name="verifyProductsPriceDisplayHighToLowSuccessfully" class="com.tutorialsninja.demo.testsuite.LaptopsdAndNotebooksTest"/>
        <method signature="MyAccountTest.verifyUserShouldNavigateToRegisterPageSuccessfully()[pri:0, instance:com.tutorialsninja.demo.testsuite.MyAccountTest@1c1bbc4e]" name="verifyUserShouldNavigateToRegisterPageSuccessfully" class="com.tutorialsninja.demo.testsuite.MyAccountTest"/>
        <method signature="TopMenuTest.verifyUserShouldNavigateToDesktopsPageSuccessfully()[pri:0, instance:com.tutorialsninja.demo.testsuite.TopMenuTest@4c402120]" name="verifyUserShouldNavigateToDesktopsPageSuccessfully" class="com.tutorialsninja.demo.testsuite.TopMenuTest"/>
      </group> <!-- sanity -->
    </groups>
    <test started-at="2023-12-12T10:38:50 GMT" name="TutorialNinja" finished-at="2023-12-12T10:39:17 GMT" duration-ms="27015">
      <class name="com.tutorialsninja.demo.testsuite.MyAccountTest">
        <test-method is-config="true" signature="setUp()[pri:0, instance:com.tutorialsninja.demo.testsuite.MyAccountTest@1c1bbc4e]" started-at="2023-12-12T10:39:12 GMT" name="setUp" finished-at="2023-12-12T10:39:16 GMT" duration-ms="4047" status="PASS">
          <reporter-output>
          </reporter-output>
        </test-method> <!-- setUp -->
        <test-method is-config="true" signature="inIt()[pri:0, instance:com.tutorialsninja.demo.testsuite.MyAccountTest@1c1bbc4e]" started-at="2023-12-12T10:39:16 GMT" name="inIt" finished-at="2023-12-12T10:39:16 GMT" duration-ms="11" status="PASS">
          <reporter-output>
          </reporter-output>
        </test-method> <!-- inIt -->
        <test-method signature="verifyUserShouldNavigateToRegisterPageSuccessfully()[pri:0, instance:com.tutorialsninja.demo.testsuite.MyAccountTest@1c1bbc4e]" started-at="2023-12-12T10:39:16 GMT" name="verifyUserShouldNavigateToRegisterPageSuccessfully" finished-at="2023-12-12T10:39:17 GMT" duration-ms="991" status="PASS">
          <reporter-output>
          </reporter-output>
        </test-method> <!-- verifyUserShouldNavigateToRegisterPageSuccessfully -->
        <test-method is-config="true" signature="tearDown()[pri:0, instance:com.tutorialsninja.demo.testsuite.MyAccountTest@1c1bbc4e]" started-at="2023-12-12T10:39:17 GMT" name="tearDown" finished-at="2023-12-12T10:39:17 GMT" duration-ms="196" status="PASS">
          <reporter-output>
          </reporter-output>
        </test-method> <!-- tearDown -->
      </class> <!-- com.tutorialsninja.demo.testsuite.MyAccountTest -->
      <class name="com.tutorialsninja.demo.testsuite.LaptopsdAndNotebooksTest">
        <test-method is-config="true" signature="setUp()[pri:0, instance:com.tutorialsninja.demo.testsuite.LaptopsdAndNotebooksTest@ba2f4ec]" started-at="2023-12-12T10:39:05 GMT" name="setUp" finished-at="2023-12-12T10:39:09 GMT" duration-ms="3747" status="PASS">
          <reporter-output>
          </reporter-output>
        </test-method> <!-- setUp -->
        <test-method is-config="true" signature="inIt()[pri:0, instance:com.tutorialsninja.demo.testsuite.LaptopsdAndNotebooksTest@ba2f4ec]" started-at="2023-12-12T10:39:09 GMT" name="inIt" finished-at="2023-12-12T10:39:09 GMT" duration-ms="10" status="PASS">
          <reporter-output>
          </reporter-output>
        </test-method> <!-- inIt -->
        <test-method signature="verifyProductsPriceDisplayHighToLowSuccessfully()[pri:0, instance:com.tutorialsninja.demo.testsuite.LaptopsdAndNotebooksTest@ba2f4ec]" started-at="2023-12-12T10:39:09 GMT" name="verifyProductsPriceDisplayHighToLowSuccessfully" finished-at="2023-12-12T10:39:12 GMT" duration-ms="2558" status="PASS">
          <reporter-output>
          </reporter-output>
        </test-method> <!-- verifyProductsPriceDisplayHighToLowSuccessfully -->
        <test-method is-config="true" signature="tearDown()[pri:0, instance:com.tutorialsninja.demo.testsuite.LaptopsdAndNotebooksTest@ba2f4ec]" started-at="2023-12-12T10:39:12 GMT" name="tearDown" finished-at="2023-12-12T10:39:12 GMT" duration-ms="173" status="PASS">
          <reporter-output>
          </reporter-output>
        </test-method> <!-- tearDown -->
      </class> <!-- com.tutorialsninja.demo.testsuite.LaptopsdAndNotebooksTest -->
      <class name="com.tutorialsninja.demo.testsuite.DeskTopsTest">
        <test-method is-config="true" signature="setUp()[pri:0, instance:com.tutorialsninja.demo.testsuite.DeskTopsTest@49438269]" started-at="2023-12-12T10:38:58 GMT" name="setUp" finished-at="2023-12-12T10:39:02 GMT" duration-ms="3866" status="PASS">
          <reporter-output>
          </reporter-output>
        </test-method> <!-- setUp -->
        <test-method is-config="true" signature="inIt()[pri:0, instance:com.tutorialsninja.demo.testsuite.DeskTopsTest@49438269]" started-at="2023-12-12T10:39:02 GMT" name="inIt" finished-at="2023-12-12T10:39:02 GMT" duration-ms="11" status="PASS">
          <reporter-output>
          </reporter-output>
        </test-method> <!-- inIt -->
        <test-method signature="verifyProductArrangeInAlphabeticalOrder()[pri:0, instance:com.tutorialsninja.demo.testsuite.DeskTopsTest@49438269]" started-at="2023-12-12T10:39:02 GMT" name="verifyProductArrangeInAlphabeticalOrder" finished-at="2023-12-12T10:39:05 GMT" duration-ms="3012" status="PASS">
          <reporter-output>
            <line>
              <![CDATA[Select sortBy option[[ChromeDriver: chrome on windows (27ead883643f3b8621528a680b1cb9b9)] -> id: input-sort]]]>
            </line>
            <line>
              <![CDATA[Get elements sorted in reverse order[[ChromeDriver: chrome on windows (27ead883643f3b8621528a680b1cb9b9)] -> id: input-sort]]]>
            </line>
          </reporter-output>
        </test-method> <!-- verifyProductArrangeInAlphabeticalOrder -->
        <test-method is-config="true" signature="tearDown()[pri:0, instance:com.tutorialsninja.demo.testsuite.DeskTopsTest@49438269]" started-at="2023-12-12T10:39:05 GMT" name="tearDown" finished-at="2023-12-12T10:39:05 GMT" duration-ms="234" status="PASS">
          <reporter-output>
          </reporter-output>
        </test-method> <!-- tearDown -->
      </class> <!-- com.tutorialsninja.demo.testsuite.DeskTopsTest -->
      <class name="com.tutorialsninja.demo.testsuite.TopMenuTest">
        <test-method is-config="true" signature="setUp()[pri:0, instance:com.tutorialsninja.demo.testsuite.TopMenuTest@4c402120]" started-at="2023-12-12T10:38:51 GMT" name="setUp" finished-at="2023-12-12T10:38:57 GMT" duration-ms="6115" status="PASS">
          <reporter-output>
          </reporter-output>
        </test-method> <!-- setUp -->
        <test-method is-config="true" signature="inIt()[pri:0, instance:com.tutorialsninja.demo.testsuite.TopMenuTest@4c402120]" started-at="2023-12-12T10:38:57 GMT" name="inIt" finished-at="2023-12-12T10:38:57 GMT" duration-ms="37" status="PASS">
          <reporter-output>
          </reporter-output>
        </test-method> <!-- inIt -->
        <test-method signature="verifyUserShouldNavigateToDesktopsPageSuccessfully()[pri:0, instance:com.tutorialsninja.demo.testsuite.TopMenuTest@4c402120]" started-at="2023-12-12T10:38:57 GMT" name="verifyUserShouldNavigateToDesktopsPageSuccessfully" finished-at="2023-12-12T10:38:58 GMT" duration-ms="1367" status="PASS">
          <reporter-output>
          </reporter-output>
        </test-method> <!-- verifyUserShouldNavigateToDesktopsPageSuccessfully -->
        <test-method is-config="true" signature="tearDown()[pri:0, instance:com.tutorialsninja.demo.testsuite.TopMenuTest@4c402120]" started-at="2023-12-12T10:38:58 GMT" name="tearDown" finished-at="2023-12-12T10:38:58 GMT" duration-ms="214" status="PASS">
          <reporter-output>
          </reporter-output>
        </test-method> <!-- tearDown -->
      </class> <!-- com.tutorialsninja.demo.testsuite.TopMenuTest -->
    </test> <!-- TutorialNinja -->
  </suite> <!-- sanity -->
</testng-results>
